[   0.000000] Linux versio 4.15.0-88-gneric (buildd@lgw01-amd64-036) (gcc version 7.4.0 (Ubuntu 7.4.0-1ubuntu1~18.04.1)) #88-Ubuntu SMP Tue Fb 11 20:11:34 UTC 2020 (Ubuntu 15.0-88.88-generic 4.15.18
[    0.000000] Command line: BOO_IMAGE=/boot/vmlinuz-4.15.0-88-geeric root=UUID=fc432cd9-3eff-4f0f-956a-9c088d130e57 ro console=tty1 console=ttyS0
[    .000000] KERNEL supported cpus:
[    0.00000]   ntel GenuineIntel
[    00000   AMD AuthenticAMD
[    0.000000]   Centaur CentaurHauls
[    0.000000] x86/fpu: SupportingXSAVE feature 0x001: 'x87 floating point registers'
[    0.000000] x86/fpu Supporting XSAVE feture 0x002 'SSE regisrss'[   0.000000] x86/fpu: Supporting XSAVE feature 0x004: 'AVX registers'
[    0.000000] x86/fpu: xstate_offset[2]:  576, xstate_sizes[2]:  256
[    0.000000] x86/fpu: Enabled xstate features 0x7, context size is 832 bytes, using 'standard' format.
[    0.000000] e820: BIOS-provided physical RAM map:
[    0.000000] BIO-e820: [mem 0x0000000000000000-0x000000000009fbff] usable
[    0.000000] BIOS-e820: [mem 0x000000000009fc00-0x000000000009ffff] reserved
[    0.000000] BIOS-e820: [mem 0x0000000000f000-0x00000000000ffffff] reserved
[    0.000000] BIOS-e820: [mem 0x0000000000100000-0x000000003ffeffff usable
[    0.0000] BS-e820: [mem 0x000000003fff0000-0x000000003fffffff]CPI data[    0.0000] BIOS-e820: [mem 0x00000000fec00000-0x00000000fec00fff] reserved
[    0.000000] BIOS-e820: [mem 0x000000fee00000-0x00000000fee00fff] reserved
[   .000000] BIOS-e820: [mem 0x00000000fffc0000-0x00000000ffffffff] reserved
[     0.00000] NX (Eecute Disable) protection: active
[    0.000000] SMBIOS 2.5 present.
[    0.000000] DMI: innotek GmbH VirtualBox/VirtualBox, BIOS VirtualBox 12/01/2006
[    0.000000] Hypervisor detected: KVM
[    0.000000] e820: last_pfn = 0x3fff0 max_arch_pfn = 0x400000000
[    0.000000] MTRR: Disabled
[   0.000000] x86/PAT: MRs disabled, skipping PAT initialization too.
[    0.000000] CPU MTRRs all blank - virtualized system.
[    0.000000] x86/PAT: Configuration [0-7]: WB  WT  UC- UC  WB  WT  UC- UC  

[    0.000000] found SMP MP-table at [mem 0x0009fff0-0x0009ffff]
[    0.000000] Scanning 1 areas for low memory corruption
[    0.000000] RAMDISK: [mem 0x35965000-0x36ca9fff]
[    0.000000] ACPI: Early table checksum verification disabled
[    0.000000] ACPI: RSDP 0x00000000000E0000 000024 (v02 VBOX  )
[    0.000000] ACPI: XSDT 0x000000003FFF0030 00003C (v01 VBOX   VBOXXSDT 00000001 ASL  00000061)
[    0.000000] ACPI: FACP 0x000000003FFF00F0 0000F4 (v04 VBOX   VBOXFACP 00000001 ASL  00000061)
[    0.000000] ACPI: DSDT 0x000000003FFF0470 0021FF (v02 VBOX   VBOXBIOS 00000002 INTL 20100528)
[    0.000000] ACPI: FACS 0x000000003FFF0200 000040
[    0.000000] ACPI: FACS 0x000000003FFF0200 000040
[    0.000000] ACPI: APIC 0x000000003FFF0240 00005C (v02 VBOX   VBOXAPIC 00000001 ASL  00000061)
[    0.000000] ACPI: SSDT 0x000000003FFF02A0 0001CC (v01 VBOX   VBOXCPUT 00000002 INTL 20100528)
[    0.000000] No NUMA configuration found
[   0.000000] Faking a node at [mem 0x0000000000000000-0x00000000ffeffff]
[    0.0000] NE_DATA(0) allocated [mem 0x3ffc5000-0x3ffeffff]
[    0.000000] kvm-clock cpu 0,msr 0:3ff44001, primary cpu clock
[    0.000000] kvm-clock: Using msrs 4b564d01 and 4b564d00
[    0.000000] kvm-clock: using sched offset of 8199053333 cycles
[    0.000000] clocksource: kvm-clock: mask: 0xffffffffffffffff max_cycles: 0x1cd42e4dffb, max_idle_ns: 881590591483 ns
[    0.000000] Zone ranges:
[    0.000000]   DMA      [mem 0x0000000000001000-0x0000000000ffffff]
[    0.000000]   DMA32    [mem 0x0000000001000000-0x000000003ffeffff]
[    0.000000]   Normal   empty
[    0.000000]   Device   empty
[    0.000000] Movable zone start forach node
[    0.000000] Early memory node rages
[    0.000000]   node   0: [mem 0x0000000000001000-0x000000000009efff]
[    0.000000]   node   0: [mem 0x0000000000100000-0x000000003ffeffff]
[    0.000000] Reserved but unavailable: 98 pages
[    0.000000] Initmem setup node 0 [mem 0x0000000000001000-0x000000003ffeffff]
[    0.000000] ACPI: PM-Timer IO Port: 0x4008
[    0.000000] IOAPIC[0]: apic_id 2, version 3 address 0xfec00000, GSI 0-23
[    0.000000] ACPI: INT_SRC_OVR (bus 0 bus_irq 0 global_irq 2 df dfl)
[  0.000000] ACPI: INTSR_OVR (bus 0 bus_irq 9 global_irq 9 low level)
[    0.000000] Using ACPI (MADT) for SMP configuration information
[    0.000000] smpboot: Allowing 2 CPUs, 0 hotplug CPUs
[    0.000000] PM: Registered nosave memory: [mem 0x00000000-0x00000fff]
[  0.000000] PM: Registered nosave memory: [mem 0x0009f000-0x0009ffff]
[    0.000000] PM: Registered nosave memory: [mem 0x000a0000-0x00effff]
[    0.000000] PM: Registred nosave memory: [mem 0x000f0000-0x000fffff]
[    0.000000] e820: [mem 0x40000000-0xfebfffff] available fo PCI devices
[    0.000000] Bootig aravirtualized kernel on KVM
[    0.000000] clocksource: refined-jiffies: mask: 0xffffffff max_cycles: 0xffffffff max_idle_ns: 7645519600211568 ns
[    0.000000] random: get_random_bytes called from start_kernel+0x99/0x4fd with crng_init=0
[    0.000000] setup_percpu: NR_CPUS:8192 nr_cpumask_bits:2 n_cpu_ids:2 nr_nod_ids:1

[    0.00000]percp Embedded 45 pages/cpu s147456 r8192 d28672 u1048576
[    0.000000] PV qspinlock hash table entrie 256 (order: 0, 4096 bytes)
[  0.0000] Built zonelists, mobility grouping on.  Total pages: 257913
[    0.000000] Policy ne: DMA32
[    0.000000] Kenel command line: BOOT_IMAGE=/boot/vmlinuz-4.15.0-88-generic root=UUID=fc432cd9-3eff-4f0f-956a-9c088d130e57 roconsole=tty1 console=ttyS0
[    0.000000] Memory: 982540K/1048120K available (12300K kernel code, 2481K rwdata, 4264K rodata, 2428K init, 2712K bss, 65580K reserved, 0K cma-reserved)
[    0.000000] SLUB: HWalign=64, Order=0-3, MinObjects=0, CPUs=2, Nodes=1
[    0.000000] Kernel/User page tables isolation: enabled
[    0.000000] ftrace: allocating 39344 entries in 154 pages
[    0.004000] Hierarchical RCU implementation.
[  0.004000] 	RCU restricting CPUs from NR_CPUS=8192 to nr_cpu_ids=2.
[    0.004000] 	Tasks RCU enabled.
[    0.004000] RCU: Adjusting geometry for rcu_fanout_leaf=16, nr_cpu_ids=2
[    0.004000] NR_IRQS: 524544, nr_irqs: 440, preallocated irqs: 16
[    0.004000] Console: colour VGA+ 80x25
[   0.004000] console [tty1] enabled
[    0.004000] console [ttyS0] enabled
[    0.004000] ACPI: Core revision 20170831
[    0.004000] ACPI: 2 ACPI AML tables successfully acquired and loaded
[    0.004000] APIC: Switch to symmetric I/O mode setup
[    0.004000] x2apic enabled
[    0.004000] Switched APIC routing to physical x2apic.
[    0.005861] ..TIMER: vector=0x30 apic1=0 pin1=2 apic2=-1 pin2=-1
[    0.008005] tsc: Detected 2304.000 MHz processor
[    0.009380] Calibrating delay loop (skipped) preset value.. 4608.00 BogoMIPS (lpj=9216000)
[    0.012005] pid_max: default: 32768 minimum: 301
[    0.013150] Security Framework initialized
[    0.014079] Yama: becoming mindful.
[    0.014918] AppArmor: AppArmor initialized
[     0.017353] Dentry cache hash table entries: 131072 (order: 8, 1048576 bytes)
[    0.020076] Inode-cache hash table entries: 65536 (order: 7, 524288 bytes)
[    0.024027] Mount-cache hash table entries: 2048 (order: 2, 16384 bytes)
[    0.028012] Mountpoint-cache hash table entries: 2048 (order: 2, 16384 bytes)
[    0.029837] Last level iTLB entries: 4KB 64, 2MB 8, 4MB 8
[    0.032003] Last level dTLB entries: 4KB 64, 2MB 0, 4MB 0, 1GB 4
[    0.033468] Spectre V1 : Mitigation: usercopy/swapgs barriers and __user pointer sanitization
[    0.036006] Spectre V2 : Mitigation: Full generic retpoline
[    0.038360] Spectre V2 : Spectre v2 / SpectreRSB mitigation: Filling RSB on context switch
[    0.040005] Speculative Store Bypass: Vulnerable
[    0.044046] MDS: Vulnerable: Clear CPU buffers attempted, no microcode
[    0.045815] Freeing SMP alternatives memory: 36K
[    0.158357] smpboot: CPU0: Intel(R) Core(TM) i5-7360U CPU @ 2.30GHz (family: 0x6, model: 0x8e, stepping: 0x9)
[    0.160077] Performance Events: unsupported p6 CPU model 142 no PMU driver, software events only.
[    0.164049] Hierarchical SRCU implementation.
[    0.165744] NMI watchdog: Perf event create on CPU 0 failed with -2
[    0.168005] NMI watchdog: Perf NMI watchdog permanently disabled
[    0.173190] smp: Bringing up secondary CPUs ...
[    0.180110] x86: Booting SMP configuration:
[    0.184006] .... node  #0, CPUs:      #1
[    0.004000] kvm-clock: cpu 1, msr 0:3ff44041, secondary cpu clock
[    0.207525] smp: Brought up 1 node, 2 CPUs
[    0.208009] smpboot: Max logical packages: 1
[    0.212006] smpboot: Total of 2 processors activated (9216.00 BogoMIPS)
[    0.216292] devtmpfs: initialized
[    0.220073] x86/mm: Memory block size: 128MB
[    0.224158] evm: security.selinux
[    0.228009] evm: security.SMACK64
[    0.232003] evm: security.SMACK64EXEC
[    0.236004] evm: security.SMACK64TRANSMUTE
[    0.240004] evm: security.SMACK64MMAP
[    0.244004] evm: security.apparmor
[    0.248005] evm: security.ima
[    0.252005] evm: security.capability
[    0.260075] clocksource: jiffies: mask: 0xffffffff max_cycles: 0xffffffff, max_idle_ns: 7645041785100000 ns
[    0.264013] futex hash table entries: 512 (order: 3, 32768 bytes)
[    0.269899] pinctrl core: initialized pinctrl subsystem
[    0.272104] RTC time:  5:02:23, date: 03/16/20
[    0.276273] NET: Registered protocol family 16
[    0.280126] audit: initializing netlink subsys (disabled)
[    0.284045] audit: type=2000 audit(1584334948.875:1): state=initialized audit_enabled=0 res=1
[    0.324011] cpuidle: using governor ladder
[    0.328017] cpuidle: using governor menu
[    0.332425] ACPI: bus type PCI registered
[    0.336007] acpiphp: ACPI Hot Plug PCI Controller Driver version: 0.5
[    0.340167] PCI: Using configuration type 1 for base access
[    0.344907] HugeTLB registered 2.00 MiB page size, pre-allocated 0 pages
[    0.348091] ACPI: Added _OSI(Module Device)
[    0.352004] ACPI: Added _OSI(Processor Device)
[    0.356006] ACPI: Added _OSI(3.0 _SCP Extensions)
[    0.360006] ACPI: Added _OSI(Processor Aggregator Device)
[    0.364005] ACPI: Added _OSI(Linux-Dell-Video)
[    0.368007] ACPI: Added _OSI(Linux-Lenovo-NV-HDMI-Audio)
[    0.372007] ACPI: Added _OSI(Linux-HPI-Hybrid-Graphics)
[    0.376549] ACPI: Executed 1 blocks of module-level executable AML code
[    0.385034] ACPI: Interpreter enabled
[    0.388020] ACPI: (supports S0 S5)
[    0.392005] ACPI: Using IOAPIC for interrupt routing
[    0.393894] PCI: Using host bridge windows from ACPI; if necessary, use "pci=nocrs" and report a bug
[    0.396196] ACPI: Enabled 2 GPEs in block 00 to 07
[    0.409707] ACPI: PCI Root Bridge [PCI0] (domain 0000 [bus 00-ff])
[    0.412015] acpi PNP0A03:00: _OSC: OS supports [ASPM ClockPM Segments MSI]
[    0.416052] acpi PNP0A03:00: _OSC: not requesting OS control; OS requires [ExtendedConfig ASPM ClockPM MSI]
[    0.420022] acpi PNP0A03:00: fail to add MMCONFIG information, can't access extended PCI configuration space under this bridge.
[    0.424405] PCI host bridge to bus 0000:00
[    0.428007] pci_bus 0000:00: root bus resource [io  0x0000-0x0cf7 window]
[    0.432008] pci_bus 0000:00: root bus resource [io  0x0d00-0xffff window]
[    0.434234] pci_bus 0000:00: root bus resource [mem 0x000a0000-0x000bffff window]
[    0.436009] pci_bus 0000:00: root bus resource [mem 0x40000000-0xfdffffff window]
[    0.440010] pci_bus 0000:00: root bus resource [bus 00-ff]
[    0.450014] pci 0000:00:01.1: legacy IDE quirk: reg 0x10: [io  0x01f0-0x01f7]
[    0.452095] pci 0000:00:01.1: legacy IDE quirk: reg 0x14: [io  0x03f6]
[    0.460235] pci 0000:00:01.1: legacy IDE quirk: reg 0x18: [io  0x0170-0x0177]
[    0.464008] pci 0000:00:01.1: legacy IDE quirk: reg 0x1c: [io  0x0376]
[    0.487658] pci 0000:00:07.0: quirk: [io  0x4000-0x403f] claimed by PIIX4 ACPI
[    0.488026] pci 0000:00:07.0: quirk: [io  0x4100-0x410f] claimed by PIIX4 SMB
[    0.501702] ACPI: PCI Interrupt Link [LNKA] (IRQs 5 9 10 *11)
[    0.504511] ACPI: PCI Interrupt Link [LNKB] (IRQs 5 9 *10 11)
[    0.508164] ACPI: PCI Interrupt Link [LNKC] (IRQs 5 *9 10 11)
[    0.512094] ACPI: PCI Interrupt Link [LNKD] (IRQs 5 9 10 *11)
[    0.514992] SCSI subsystem initialized
[    0.520059] pci 0000:00:02.0: vgaarb: setting as boot VGA device
[    0.522167] pci 0000:00:02.0: vgaarb: VGA device added: decodes=io+mem,owns=io+mem,locks=none
[    0.524008] pci 0000:00:02.0: vgaarb: bridge control possible
[    0.528004] vgaarb: loaded
[    0.532058] ACPI: bus type USB registered
[    0.533072] usbcore: registered new interface driver usbfs
[    0.535180] usbcore: registered new interface driver hub
[    0.536036] usbcore: registered new device driver usb
[    0.537500] EDAC MC: Ver: 3.0.0
[    0.540498] PCI: Using ACPI for IRQ routing
[    0.544335] NetLabel: Initializing
[    0.548006] NetLabel:  domain hash size = 128
[    0.552004] NetLabel:  protocols = UNLABELED CIPSOv4 CALIPSO
[    0.556044] NetLabel:  unlabeled traffic allowed by default
[    0.560241] clocksource: Switched to clocksource kvm-clock
[    0.584398] VFS: Disk quotas dquot_6.6.0
[    0.600492] VFS: Dquot-cache hash table entries: 512 (order 0, 4096 bytes)
[    0.609727] AppArmor: AppArmor Filesystem Enabled
[    0.611386] pnp: PnP ACPI init
[    0.613300] pnp: PnP ACPI: found 3 devices
[    0.640643] clocksource: acpi_pm: mask: 0xffffff max_cycles: 0xffffff, max_idle_ns: 2085701024 ns
[    0.643805] NET: Registered protocol family 2
[    0.644995] TCP established hash table entries: 8192 (order: 4, 65536 bytes)
[    0.646662] TCP bind hash table entries: 8192 (order: 5, 131072 bytes)
[    0.649425] TCP: Hash tables configured (established 8192 bind 8192)
[    0.658505] UDP hash table entries: 512 (order: 2, 163 bes
[    0.820671] UDP-Lite hash table entries: 512 (order: 2, 16384 bytes)
[    0.823174] NETRegisreproc family 1
[    1.075256] pci 0000:00:00.0: Limiting direcPCI/PCI transfers
[    1.125965] pci 0000:00:01.0: Activating ISA DMA hang workarounds
    1.127535] pi 00000:02.0: Video device with shadowed ROM at [mem 0x000c0000-0x000dff
[    1.321701] Uacking inramfs..

[    1.772850] Freeing initrd memory: 19732K
[    1.796436] clocksource: tsc: mask: 0xffffffffffffffff max_cycles: 0x2135f7c97c8, max_idle_ns: 440795273205 ns
[    1.822204] platform rtc_cmos: registered platform RTC device (no PNP device found)
[    1.870892] Scanning for low memory corruption every 60 seconds
[    1.893699] Initialise system trusted keyrings
[    1.925909] Key type blacklist registered
[    1.945768] workingset: timestamp_bits=36 max_order=18 bucket_order=0
[    1.954793] zbud: loaded
[    1.956099] squashfs: version 4.0 (2009/01/31) Phillip Lougher
[    1.996890] fuse init (API version 7.26)
[    2.009596] Key type asymmetric registered
[    2.022088] Asymmetric key parser 'x509' registered
[    2.057823] Block layer SCSI generic (bsg) driver version 0.4 loaded (major 246)
[    2.084150] io scheduler noop registered
[    2.090221] io scheduler deadline registered
[    2.105411] io scheduler cfq registered (default)
[    2.149339] ACPI: AC Adapter [AC] (off-line)
[    2.164529] input: Power Button as /devices/LNXSYSTM:00/LNXPWRBN:00/input/input0
[    2.172191] ACPI: Power Button [PWRF]
[    2788]np: eep Button as /devices/LNXSYSTM:00/LNXSLPBN:00/inputnp1
[[    2524581 ACPI: le Button [SLPF]

[    2.689220] Serial: 8250/16550 driver, 32 ports, IRQ sharing enabled
[    2.691073] ACPI: Battery Slot [BAT0] (battery present)
[  21673] 00:02: ttyS0 at I/O 0x3f8 (irq = 4, base_baud = 115200) is a 16550A
[    2.862005] Linux agpgart interface v0.103
[    2.895375] loop: module loaded
[    2.908823] scsi host0: ata_piix
[    2.921039] scsi host1: ata_piix
[    2.927440] ata1: PATA max UDMA/33 cmd 0x1f0 ctl 0x3f6 bmdma 0xd000 irq 14
[    2.933674] ata2: PATA max UDMA/33 cmd 0x170 ctl 0x376 bmdma 0xd008 irq 15
[    2.990004] libphy: Fixed MDIO Bus: probed
[    2.993595] tun: Universal TUN/TAP device driver, 1.6
[    3.006506] PPP generic driver version 2.4.2
[    3.030187] ehci_hcd: USB 2.0 'Enhanced' Host Controller (EHCI) Driver
[    3.053976] ehci-pci: EHCI PCI platform driver
[    3.055185] ehci-platform: EHCI generic platform driver
[    3.070354] ohci_hcd: USB 1.1 'Open' Host Controller (OHCI) Driver
[    3.071935] ohci-pci: OHCI PCI platform driver
[    3.086880] ohci-platform: OHCI generic platform driver
[    3.088149] uhci_hcd: USB Universal Host Controller Interface driver
[    3.102388] i8042: PNP: PS/2 Controller [PNP0303:PS2K,PNP0f03:PS2M] at 0x60,0x64 irq 1,12
[    3.125638] serio: i8042 KBD port at 0x60,0x64 irq 1
[    3.163426] serio: i8042 AUX port at 0x60,0x64 irq 12
[    3.165021] mousedev: PS/2 mouse device common for all mice
[    3.167178] rtc_cmos rtc_cmos: rtc core: registered rtc_cmos as rtc0
[    3.182187] rtc_cmos rtc_cmos: alarms up to one day, 114 bytes nvram
[    3.183946] input: AT Translated Set 2 keyboard as /devices/platform/i8042/serio0/input/input2
[    3.188625] i2c /dev entries driver
[    3.217876] device-mapper: uevent: version 1.0.3
[    3.236246] device-mapper: ioctl: 4.37.0-ioctl (2017-09-20) initialised: dm-devel@redhat.com
[    3.238852] ledtrig-cpu: registered to indicate activity on CPUs
[    3.247610] NET: Registered protocol family 10
[    3.280706] Segment Routing with IPv6
[    3.297183] NET: Registered protocol family 17
[    3.313146] Key type dns_resolver registered
[    3.322380] mce: Using 0 MCE banks
[    3.325641] RAS: Correctable Errors collector initialized.
[    3.329616] sched_clock: Marking stable (3329590912, 0)->(7513959746, -4184368834)
[    3.339412] registered taskstats version 1
[    3.341561] Loading compiled-in X.509 certificates
[    3.345831] Loaded X.509 cert 'Build time autogenerated kernel key: f0020782f0d3a548186fb3f47aed88387a71e859'
[    3.348134] zswap: loaded using pool lzo/zbud
[    3.354345] Key type big_key registered
[    3.355583] Key type trusted registered
[    3.360597] Key type encrypted registered
[    3.376766] AppArmor: AppArmor sha1 policy hashing enabled
[    3.378419] ima: No TPM chip found, activating TPM-bypass! (rc=-19)
[    3.387759] ima: Allocated hash algorithm: sha1
[    3.390315] evm: HMAC attrs: 0x1
[    3.430649]   Magic number: 12:671:11
[    3.437502] rtc_cmos rtc_cmos: setting system clock to 2020-03-16 05:02:26 UTC (1584334946)
[    3.543111] BIOS EDD facility v0.16 2004-Jun-25, 0 devices found
[    3.553830] EDD information not available.
[    3.558816] Freeing unused kernel image memory: 2428K
[    3.604356] Write protecting the kernel read-only data: 20480k
[    3.610592] Freeing unused kernel image memory: 2008K
[    3.613229] Freeing unused kernel image memory: 1880K
[    3.632030] x86/mm: Checked W+X mappings: passed, no W+X pages found.
[    3.635751] x86/mm: Checking user space page tables
[    3.665447] x86/mm: Checked W+X mappings: passed, no W+X pages found.
Loading, please wait...
starting version 237
[    3.857379] e1000: Intel(R) PRO/1000 Network Driver - version 7.3.21-k8-NAPI
[    3.861711] e1000: Copyright (c) 1999-2006 Intel Corporation.
[    3.884277] Fusion MPT base driver 3.04.20
[    3.886348] Copyright (c) 1999-2008 LSI Corporation
[    3.899728] Fusion MPT SPI Host driver 3.04.20
[    3.911377] AVX2 version of gcm_enc/dec engaged.
[    3.922175] AES CTR mode by8 optimization enabled
[    4.103407] input: ImExPS/2 Generic Explorer Mouse as /devices/platform/i8042/serio1/input/input4
[    4.363949] e1000 0000:00:03.0 eth0: (PCI:33MHz:32-bit) 02:b1:13:47:2b:13
[    4.371711] e1000 0000:00:03.0 eth0: Intel(R) PRO/1000 Network Connection
[    4.818952] e1000 0000:00:08.0 eth1: (PCI:33MHz:32-bit) 08:00:27:c6:bb:13
[    4.867884] e1000 0000:00:08.0 eth1: Intel(R) PRO/1000 Network Connection
[    4.905031] mptbase: ioc0: Initiating bringup
[    4.920935] e1000 0000:00:03.0 enp0s3: renamed from eth0
[    4.966555] e1000 0000:00:08.0 enp0s8: renamed from eth1
[    5.030418] ioc0: LSI53C1030 A0: Capabilities={Initiator}
[    5.921745] scsi host2: ioc0: LSI53C1030 A0, FwRev=00000000h, Ports=1, MaxQ=256, IRQ=20
[    6.853751] scsi 2:0:0:0: Direct-Access     VBOX     HARDDISK         1.0  PQ: 0 ANSI: 5
[    6.920226] scsi target2:0:0: Beginning Domain Validation
[    6.930621] scsi target2:0:0: Domain Validation skipping write tests
[    6.940572] scsi target2:0:0: Ending Domain Validation
[    6.954261] scsi target2:0:0: asynchronous
[    6.955913] scsi 2:0:1:0: Direct-Access     VBOX     HARDDISK         1.0  PQ: 0 ANSI: 5
[    7.008056] scsi target2:0:1: Beginning Domain Validation
[    7.011599] random: fast init done
[    7.040038] scsi target2:0:1: Domain Validation skipping write tests
[    7.057103] scsi target2:0:1: Ending Domain Validation
[    7.058726] scsi target2:0:1: asynchronous
[    7.076271] random: systemd-udevd: uninitialized urandom read (16 bytes read)
[    7.091930] random: systemd-udevd: uninitialized urandom read (16 bytes read)
[    7.108016] sd 2:0:0:0: Attached scsi generic sg0 type 0
[    7.126534] random: systemd-udevd: uninitialized urandom read (16 bytes read)
[    7.129360] sd 2:0:1:0: Attached scsi generic sg1 type 0
[    7.130830] sd 2:0:0:0: [sda] 20971520 512-byte logical blocks: (10.7 GB/10.0 GiB)
[    7.133056] sd 2:0:0:0: [sda] Write Protect is off
[    7.136167] sd 2:0:1:0: [sdb] 20480 512-byte logical blocks: (10.5 MB/10.0 MiB)
[    7.136816] sd 2:0:0:0: [sda] Incomplete mode parameter data
[    7.194473] sd 2:0:0:0: [sda] Assuming drive cache: write through
[    7.213521] sd 2:0:1:0: [sdb] Write Protect is off
[    7.230742] sd 2:0:1:0: [sdb] Incomplete mode parameter data
[    7.236913] sd 2:0:1:0: [sdb] Assuming drive cache: write through
[    7.240787]  sda: sda1
[    7.247062] sd 2:0:0:0: [sda] Attached SCSI disk
[    7.257181] sd 2:0:1:0: [sdb] Attached SCSI disk
Begin: Loading essential drivers ... [    8.768066] raid6: sse2x1   gen()  9831 MB/s
[    8.816043] raid6: sse2x1   xor()  6064 MB/s
[    8.870348] raid6: sse2x2   gen()  8665 MB/s
[    8.916233] raid6: sse2x2   xor()  8391 MB/s
[    8.980491] raid6: sse2x4   gen() 14154 MB/s
[    9.036473] raid6: sse2x4   xor()  8092 MB/s
[    9.092339] raid6: avx2x1   gen() 17463 MB/s
[    9.152329] raid6: avx2x1   xor() 14475 MB/s
[    9.204270] raid6: avx2x2   gen() 22781 MB/s
[    9.260516] raid6: avx2x2   xor() 15032 MB/s
[    9.332535] raid6: avx2x4   gen() 24808 MB/s
[    9.400157] raid6: avx2x4   xor() 18368 MB/s
[    9.425144] raid6: using algorithm avx2x4 gen() 24808 MB/s
[    9.462259] raid6: .... xor() 18368 MB/s, rmw enabled
[    9.463611] raid6: using avx2x2 recovery algorithm
[    9.473780] xor: automatically using best checksumming function   avx       
[    9.513721] async_tx: api initialized (async)
done.
Begin: Running /scripts/init-premount ... done.
Begin: Mounting root file system ... Begin: Running /scripts/local-top ... done.
Begin: Running /scripts/local-premount ... [    9.637853] Btrfs loaded, crc32c=crc32c-intel
Scanning for Btrfs filesystems
done.
Warning: fsck not present, so skipping root file system
[    9.695482] EXT4-fs (sda1): INFO: recovery required on readonly filesystem
[    9.704803] EXT4-fs (sda1): write access will be enabled during recovery
[    9.846196] EXT4-fs (sda1): recovery complete
[    9.849195] EXT4-fs (sda1): mounted filesystem with ordered data mode. Opts: (null)
done.
Begin: Running /scripts/local-bottom ... done.
Begin: Running /scripts/init-bottom ... done.
[   10.112666] ip_tables: (C) 2000-2006 Netfilter Core Team
[   10.141375] systemd[1]: systemd 237 running in system mode. (+PAM +AUDIT +SELINUX +IMA +APPARMOR +SMACK +SYSVINIT +UTMP +LIBCRYPTSETUP +GCRYPT +GNUTLS +ACL +XZ +LZ4 +SECCOMP +BLKID +ELFUTILS +KMOD -IDN2 +IDN -PCRE2 default-hierarchy=hybrid)
[   10.176829] systemd[1]: Detected virtualization oracle.
[   10.178605] systemd[1]: Detected architecture x86-64.

Welcome to [1mUbuntu 18.04.3 LTS[0m!

[   10.194568] systemd[1]: Set hostname to <ubuntu-bionic>.
[   10.774956] systemd[1]: Started Forward Password Requests to Wall Directory Watch.
[[0;32m  OK  [0m] Started Forward Password Requests to Wall Directory Watch.
[   10.792927] systemd[1]: Created slice System Slice.
[[0;32m  OK  [0m] Created slice System Slice.
[   10.800379] systemd[1]: Listening on Journal Socket.
[[0;32m  OK  [0m] Listening on Journal Socket.
[   10.809154] systemd[1]: Listening on LVM2 poll daemon socket.
[[0;32m  OK  [0m] Listening on LVM2 poll daemon socket.
[   10.820763] systemd[1]: Listening on udev Kernel Socket.
[[0;32m  OK  [0m] Listening on udev Kernel Socket.
[   10.833452] systemd[1]: Starting Uncomplicated firewall...
         Starting Uncomplicated firewall...
[[0;32m  OK  [0m] Listening on Network Service Netlink Socket.
[[0;32m  OK  [0m] Created slice system-serial\x2dgetty.slice.
[[0;32m  OK  [0m] Listening on Journal Audit Socket.
         Starting Set the console keyboard layout...
         Mounting Kernel Debug File System...
[[0;32m  OK  [0m] Listening on Device-mapper event daemon FIFOs.
         Starting Remount Root and Kernel File Systems...
         Starting Load Kernel Modules...
         [   11.086734] Loading iSCSI transport class v2.0-870.
Starting Create list of required st…ce nodes for the current kernel...
[   11.106711] EXT4-fs (sda1): re-mounted. Opts: (null)
[[0;32m  OK  [0m] Listening on /dev/initctl Compatibility Named Pipe.
[[0;32m  OK  [0m] Created slice User and Session Slice.
[[0;32m  OK  [0m] Reached target Slices.
[[0;32m  OK  [0m] Reached target System Time Synchronized.
[[0;32m  OK  [0m] Listening on LVM2 metadata daemon socket.
         [   11.128036] iscsi: registered transport (tcp)
Starting Monitoring of LVM2 mirrors…ng dmeventd or progress polling...
[[0;32m  OK  [0m] Listening on udev Control Socket.
         Mounting POSIX Message Queue File System...
[[0;32m  OK  [0m] Reached target User and Group Name Lookups.
[[0;32m  OK  [0m] Listening on Journal Socket (/dev/log).
         Starting udev Coldplug all Devices...
[   11.245405] iscsi: registered transport (iser)
[[0;32m  OK  [0m] Set up automount Arbitrary Executab…rmats File System Automount Point.
[[0;32m  OK  [0m] Reached target Swap.
[[0;32m  OK  [0m] Listening on Syslog Socket.
         Starting Journal Service...
         Mounting Huge Pages File System...
[[0;32m  OK  [0m] Started Uncomplicated firewall.
[[0;32m  OK  [0m] Started Set the console keyboard layout.
[[0;32m  OK  [0m] Mounted Kernel Debug File System.
[[0;32m  OK  [0m] Started Remount Root and Kernel File Systems.
[[0;32m  OK  [0m] Started Load Kernel Modules.
[[0;32m  OK  [0m] Started Create list of required sta…vice nodes for the current kernel.
[[0;32m  OK  [0m] Mounted POSIX Message Queue File System.
[[0;32m  OK  [0m] Started Journal Service.
[[0;32m  OK  [0m] Mounted Huge Pages File System.
[[0;32m  OK  [0m] Started LVM2 metadata daemon[   11.418243] random: crng init done
.
[   11.432608] random: 7 urandom warning(s) missed due to ratelimiting
         Starting Create Static Device Nodes in /dev...
         Mounting FUSE Control File System...
         Mounting Kernel Configuration File System...
         Starting Apply Kernel Variables...
         Starting Load/Save Random Seed...
         Starting Flush Journal to Persistent Storage...
[[0;32m  OK  [0m] Started Monitoring of LVM2 mirrors,…sing dmeventd or progress polling.
[[0;32m  OK  [0m] Started udev Coldplug all Devices.
[[0;32m  OK  [0m] Started Create Static Device Nodes in /dev.
[[0;32m  OK  [0m] Mounted FUSE Control File System.
[[0;32m  OK  [0m] Mounted Kernel Configuration File System.
[[0;32m  OK  [0m] Started Apply Kernel Variables.
[[0;32m  OK  [0m] Started Load/Save Random Seed.
         Starting udev Kernel Device Manager...
[[0;32m  OK  [0m] Reached target Local File Systems (Pre).
[[0;32m  OK  [0m] Reached target Local File Systems.
         Starting AppArmor initialization...
         Starting ebtables ruleset management...
         Starting Tell Plymouth To Write Out Runtime Data...
         Starting Set console font and keymap...
[[0;32m  OK  [0m] Started udev Kernel Device Manager.
[[0;32m  OK  [0m] Started Dispatch Password Requests to Console Directory Watch.
[[0;32m  OK  [0m] Reached target Local Encrypted Volumes.
[[0;32m  OK  [0m] Started Tell Plymouth To Write Out Runtime Data.
[[0;32m  OK  [0m] Started Set console font and keymap.
[[0;32m  OK  [0m] Started ebtables ruleset management.
[[0;32m  OK  [0m] Started Flush Journal to Persistent Storage.
         Starting Create Volatile Files and Directories...
[[0;32m  OK  [0m] Started Create Volatile Files and Directories.
         Starting Update UTMP about System Boot/Shutdown...
[[0;32m  OK  [0m] Started Update UTMP about System Boot/Shutdown.
[[0;32m  OK  [0m] Found device /dev/ttyS0.
[[0;32m  OK  [0m] Listening on Load/Save RF Kill Switch Status /dev/rfkill Watch.
[[0;32m  OK  [0m] Started AppArmor initialization.
         Starting Initial cloud-init job (pre-networking)...
[   13.960396] cloud-init[540]: Cloud-init v. 19.3-41-gc4735dd3-0ubuntu1~18.04.1 running 'init-local' at Mon, 16 Mar 2020 05:02:36 +0000. Up 13.71 seconds.
[[0;32m  OK  [0m] Started Initial cloud-init job (pre-networking).
[[0;32m  OK  [0m] Reached target Network (Pre).
         Starting Network Service...
[[0;32m  OK  [0m] Started Network Service.
         Starting Wait for Network to be Configured...
         Starting Network Name Resolution...
[[0;32m  OK  [0m] Started Network Name Resolution.
[[0;32m  OK  [0m] Reached target Network.
[[0;32m  OK  [0m] Reached target Host and Network Name Lookups.
[[0;32m  OK  [0m] Started Wait for Network to be Configured.
         Starting Initial cloud-init job (metadata service crawler)...
[   16.292999] cloud-init[722]: Cloud-init v. 19.3-41-gc4735dd3-0ubuntu1~18.04.1 running 'init' at Mon, 16 Mar 2020 05:02:39 +0000. Up 16.13 seconds.
[   16.336849] cloud-init[722]: ci-info: ++++++++++++++++++++++++++++++++++++++Net device info+++++++++++++++++++++++++++++++++++++++
[   16.424665] cloud-init[722]: ci-info: +--------+------+-----------------------------+---------------+--------+-------------------+
[   16.449765] cloud-init[722]: ci-info: | Device |  Up  |           Address           |      Mask     | Scope  |     Hw-Address    |
[   16.460715] cloud-init[722]: ci-info: +--------+------+-----------------------------+---------------+--------+-------------------+
[   16.463402] cloud-init[722]: ci-info: | enp0s3 | True |          10.0.2.15          | 255.255.255.0 | global | 02:b1:13:47:2b:13 |
[   16.466169] cloud-init[722]: ci-info: | enp0s3 | True |  fe80::b1:13ff:fe47:2b13/64 |       .       |  link  | 02:b1:13:47:2b:13 |
[   16.483261] cloud-init[722]: ci-info: | enp0s8 | True |        192.168.33.10        | 255.255.255.0 | global | 08:00:27:c6:bb:13 |
[   16.495938] cloud-init[722]: ci-info: | enp0s8 | True | fe80::a00:27ff:fec6:bb13/64 |       .       |  link  | 08:00:27:c6:bb:13 |
[   16.499408] cloud-init[722]: ci-info: |   lo   | True |          127.0.0.1          |   255.0.0.0   |  host  |         .         |
[   16.514762] cloud-init[722]: ci-info: |   lo   | True |           ::1/128           |       .       |  host  |         .         |
[[0;32m  OK  [0m] Started Initial cloud-init job (metadata service crawler).
[   16.598257] [cloud-init[0;32m  OK  [0m[722]: ] ci-info: +--------+------+-----------------------------+---------------+--------+-------------------+Reached target System Initialization.

         Starting Socket activation for snappy daemon.
[   16.633616] cloud-init[722]: ci-info: +++++++++++++++++++++++++++++Route IPv4 info+++++++++++++++++++++++++++++
[[0;32m  OK  [0m] Started Message of the Day.
[[0;32m  OK  [0m] Started Daily Cleanup of Temporary Directories.
[[0;32m  OK  [0m] Listening on ACPID Listen Socket.
[[0;32m  OK  [0m] Listening on D-Bus System Message Bus Socket.
[[0;32m  OK  [0m] Started Daily apt download activities.
[   16.688426] cloud-init[722]: ci-info: +-------+--------------+----------+-----------------+-----------+-------+
[[0;32m  OK  [0m] Started ACPI Events Check.
[[0;32m  OK  [0m] Reached target Paths.
         Starting LXD - unix socket.
[   16.838154] cloud-init[722]: ci-info: | Route | Destination  | Gateway  |     Genmask     | Interface | Flags |
[[   16.958790] cloud-init[722]: ci-info: +-------+--------------+----------+-----------------+-----------+-------+
[   16.959000] cloud-init[722]: ci-info: |   0   |   0.0.0.0    | 10.0.2.2 |     0.0.0.0     |   enp0s3  |   UG  |
[   16.959322] cloud-init[722]: ci-info: |   1   |   10.0.2.0   | 0.0.0.0  |  255.255.255.0  |   enp0s3  |   U   |
[   16.959699] cloud-init[722]: ci-info: |   2   |   10.0.2.2   | 0.0.0.0  | 255.255.255.255 |   enp0s3  |   UH  |
[0;32m  OK  [0m] Started Daily apt upgrade and clean activities.
[   16.960627] cloud-init[722]: ci-info: |   3   | 192.168.33.0 | 0.0.0.0  |  255.255.255.0  |   enp0s8  |   U   |
[[0;32m  OK  [0m[   17.024352] cloud-init[722]: ci-info: +-------+--------------+----------+-----------------+-----------+-------+
[   17.024867] cloud-init[722]: ci-info: +++++++++++++++++++Route IPv6 info+++++++++++++++++++
[   17.025191] cloud-init[722]: ci-info: +-------+-------------+---------+-----------+-------+
] Started Discard unused blocks once a week.
[   17.025520] cloud-init[722]: ci-info: | Route | Destination | Gateway | Interface | Flags |
[[   17.179054] cloud-init[722]: ci-info: +-------+-------------+---------+-----------+-------+
[   17.179141] cloud-init[722]: ci-info: |   1   |  fe80::/64  |    ::   |   enp0s8  |   U   |
[   17.179495] cloud-init[722]: ci-info: |   2   |  fe80::/64  |    ::   |   enp0s3  |   U   |
[   17.179759] cloud-init[722]: ci-info: |   4   |    local    |    ::   |   enp0s3  |   U   |
[   17.180301] cloud-init[722]: ci-info: |   5   |    local    |    ::   |   enp0s8  |   U   |
[   17.180502] cloud-init[722]: ci-info: |   6   |   ff00::/8  |    ::   |   enp0s8  |   U   |
[   17.180716] cloud-init[722]: ci-info: |   7   |   ff00::/8  |    ::   |   enp0s3  |   U   |
[   17.180924] cloud-init[722]: ci-info: +-------+-------------+---------+-----------+-------+
[0;32m  OK  [0m] Reached target Timers.
[[0;32m  OK  [0m] Listening on Open-iSCSI iscsid Socket.
[[0;32m  OK  [0m] Listening on UUID daemon activation socket.
[[0;32m  OK  [0m] Reached target Network is Online.
[[0;32m  OK  [0m] Reached target Remote File Systems (Pre).
[[0;32m  OK  [0m] Reached target Remote File Systems.
         Starting Availability of block devices...
[[0;32m  OK  [0m] Reached target Cloud-config availability.
[[0;32m  OK  [0m] Listening on Socket activation for snappy daemon.
[[0;32m  OK  [0m] Listening on LXD - unix socket.
[[0;32m  OK  [0m] Started Availability of block devices.
[[0;32m  OK  [0m] Reached target Sockets.
[[0;32m  OK  [0m] Reached target Basic System.
         Starting Login Service...
[[0;32m  OK  [0m] Started D-Bus System Message Bus.
[[0;32m  OK  [0m] Started Login Service.
         Starting System Logging Service...
         Starting vboxadd.service...
[[0;32m  OK  [0m] Started irqbalance daemon.
         Starting OpenBSD Secure Shell server...
[[0;32m  OK  [0m] Started Deferred execution scheduler.
[[0;32m  OK  [0m] Started Unattended Upgrades Shutdown.
[[0;32m  OK  [0m] Started Regular background program processing daemon.
[[0;32m  OK  [0m] Started FUSE filesystem for LXC.
         Starting Dispatcher daemon for systemd-networkd...
         Starting Snappy daemon...
         Starting LXD - container startup/shutdown...
         Starting LSB: Record successful boot for GRUB...
         Starting LSB: automatic crash report generation...
         Starting Accounts Service...
         Starting Permit User Sessions...
[[0;32m  OK  [0m] Started System Logging Service.
[[0;32m  OK  [0m] Started OpenBSD Secure Shell server.
[[0;32m  OK  [0m] Started Permit User Sessions.
         Starting Hold until boot process finishes up...
         Starting Terminate Plymouth Boot Screen...
[[0;32m  OK  [0m] Started Hold until boot process finishes up.
         Starting Set console scheme...
[[0;32m  OK  [0m] Started Serial Getty on ttyS0.
[[0;32m  OK  [0m] Started Terminate Plymouth Boot Screen.
[[0;32m  OK  [0m] Started Set console scheme.
[[0;32m  OK  [0m] Created slice system-getty.slice.
[[0;32m  OK  [0m] Started Getty on tty1.
[[0;32m  OK  [0m] Reached target Login Prompts.
         Starting Authorization Manager...
[[0;32m  OK  [0m] Started LSB: Record successful boot for GRUB.
[[0;32m  OK  [0m] Started Authorization Manager.
[[0;32m  OK  [0m] Started Accounts Service.
[[0;32m  OK  [0m] Started LSB: automatic crash report generation.
[[0;32m  OK  [0m] Started LXD - container startup/shutdown.
[[0;32m  OK  [0m] Started vboxadd.service.
         Starting vboxadd-service.service...
[[0;32m  OK  [0m] Started vboxadd-service.service.
[[0;32m  OK  [0m] Started Snappy daemon.
         Starting Wait until snapd is fully seeded...
[[0;32m  OK  [0m] Started Dispatcher daemon for systemd-networkd.
[[0;32m  OK  [0m] Started Wait until snapd is fully seeded.
         Starting Apply the settings specified in cloud-config...
[[0;32m  OK  [0m] Reached target Multi-User System.
[[0;32m  OK  [0m] Reached target Graphical Interface.
         Starting Update UTMP about System Runlevel Changes...
[[0;32m  OK  [0m] Started Update UTMP about System Runlevel Changes.
[[0;32m  OK  [0m] Created slice User Slice of vagrant.
         Starting User Manager for UID 1000...
[[0;32m  OK  [0m] Started Session 1 of user vagrant.
[[0;32m  OK  [0m] Started User Manager for UID 1000.
[   19.959440] cloud-init[1246]: Cloud-init v. 19.3-41-gc4735dd3-0ubuntu1~18.04.1 running 'modules:config' at Mon, 16 Mar 2020 05:02:42 +0000. Up 19.81 seconds.
[[0;32m  OK  [0m] Started Apply the settings specified in cloud-config.
         Starting Execute cloud user/final scripts...
[   20.796502] cloud-init[1351]: Cloud-init v. 19.3-41-gc4735dd3-0ubuntu1~18.04.1 running 'modules:final' at Mon, 16 Mar 2020 05:02:43 +0000. Up 20.62 seconds.
[   20.810185] cloud-init[1351]: Cloud-init v. 19.3-41-gc4735dd3-0ubuntu1~18.04.1 finished at Mon, 16 Mar 2020 05:02:43 +0000. Datasource DataSourceNoCloud [seed=/dev/sdb][dsmode=net].  Up 20.78 seconds
[[0;32m  OK  [0m] Started Execute cloud user/final scripts.
[[0;32m  OK  [0m] Reached target Cloud-init target.

Ubuntu 18.04.3 LTS ubuntu-bionic ttyS0

ubuntu-bionic login: 